0 info it worked if it ends with ok
1 verbose cli [ '/usr/local/bin/node', '/usr/local/bin/npm', 'start' ]
2 info using npm@3.10.10
3 info using node@v6.14.3
4 verbose run-script [ 'prestart', 'start', 'poststart' ]
5 info lifecycle ue-c-cover-content@0.1.10~prestart: ue-c-cover-content@0.1.10
6 silly lifecycle ue-c-cover-content@0.1.10~prestart: no script for prestart, continuing
7 info lifecycle ue-c-cover-content@0.1.10~start: ue-c-cover-content@0.1.10
8 verbose lifecycle ue-c-cover-content@0.1.10~start: unsafe-perm in lifecycle true
9 verbose lifecycle ue-c-cover-content@0.1.10~start: PATH: /usr/local/lib/node_modules/npm/bin/node-gyp-bin:/Users/dante.forconesi/proyectos/pruebas-dependencias/ue-c-cover-content/node_modules/.bin:/usr/local/bin:/usr/bin:/bin:/usr/sbin:/sbin:/usr/local/go/bin:/usr/local/share/dotnet:/Library/Frameworks/Mono.framework/Versions/Current/Commands:/usr/local/git/bin:/Applications/Xamarin Workbooks.app/Contents/SharedSupport/path-bin
10 verbose lifecycle ue-c-cover-content@0.1.10~start: CWD: /Users/dante.forconesi/proyectos/pruebas-dependencias/ue-c-cover-content
11 silly lifecycle ue-c-cover-content@0.1.10~start: Args: [ '-c',
11 silly lifecycle   'NODE_ENV="development" webpack-dev-server --config node_modules/styles-component-common-deps/webpack.config.js --open --host 0.0.0.0 --env.target demo' ]
12 silly lifecycle ue-c-cover-content@0.1.10~start: Returned: code: 1  signal: null
13 info lifecycle ue-c-cover-content@0.1.10~start: Failed to exec start script
14 verbose stack Error: ue-c-cover-content@0.1.10 start: `NODE_ENV="development" webpack-dev-server --config node_modules/styles-component-common-deps/webpack.config.js --open --host 0.0.0.0 --env.target demo`
14 verbose stack Exit status 1
14 verbose stack     at EventEmitter.<anonymous> (/usr/local/lib/node_modules/npm/lib/utils/lifecycle.js:255:16)
14 verbose stack     at emitTwo (events.js:106:13)
14 verbose stack     at EventEmitter.emit (events.js:191:7)
14 verbose stack     at ChildProcess.<anonymous> (/usr/local/lib/node_modules/npm/lib/utils/spawn.js:40:14)
14 verbose stack     at emitTwo (events.js:106:13)
14 verbose stack     at ChildProcess.emit (events.js:191:7)
14 verbose stack     at maybeClose (internal/child_process.js:920:16)
14 verbose stack     at Process.ChildProcess._handle.onexit (internal/child_process.js:230:5)
15 verbose pkgid ue-c-cover-content@0.1.10
16 verbose cwd /Users/dante.forconesi/proyectos/pruebas-dependencias/ue-c-cover-content
17 error Darwin 18.0.0
18 error argv "/usr/local/bin/node" "/usr/local/bin/npm" "start"
19 error node v6.14.3
20 error npm  v3.10.10
21 error code ELIFECYCLE
22 error ue-c-cover-content@0.1.10 start: `NODE_ENV="development" webpack-dev-server --config node_modules/styles-component-common-deps/webpack.config.js --open --host 0.0.0.0 --env.target demo`
22 error Exit status 1
23 error Failed at the ue-c-cover-content@0.1.10 start script 'NODE_ENV="development" webpack-dev-server --config node_modules/styles-component-common-deps/webpack.config.js --open --host 0.0.0.0 --env.target demo'.
23 error Make sure you have the latest version of node.js and npm installed.
23 error If you do, this is most likely a problem with the ue-c-cover-content package,
23 error not with npm itself.
23 error Tell the author that this fails on your system:
23 error     NODE_ENV="development" webpack-dev-server --config node_modules/styles-component-common-deps/webpack.config.js --open --host 0.0.0.0 --env.target demo
23 error You can get information on how to open an issue for this project with:
23 error     npm bugs ue-c-cover-content
23 error Or if that isn't available, you can get their info via:
23 error     npm owner ls ue-c-cover-content
23 error There is likely additional logging output above.
24 verbose exit [ 1, true ]
